<?xml version="1.0" encoding="UTF-8"?>
<testsuite xmlns:xsi="http://www.w3.org/2001/XMLSchema-instance" xsi:noNamespaceSchemaLocation="https://maven.apache.org/surefire/maven-surefire-plugin/xsd/surefire-test-report-3.0.xsd" version="3.0" name="com.ems.service.AuthServiceTest" time="2.451" tests="12" errors="0" skipped="0" failures="0">
  <properties>
[...]
</properties>
  <testcase name="verifyOTP_wrongCode_returnsFalse" classname="com.ems.service.AuthServiceTest" time="1.906">
    <system-out><![CDATA[2026-05-29T13:31:28.359+02:00  INFO 33308 --- [           main] TEST                                     : &amp#27;[32m✔ PASS  &amp#27;[0m[AuthServiceTest] verifyOTP: wrong code → returns false, increments attempts
]]></system-out>
  </testcase>
  <testcase name="register_encodesPasswordAndSaves" classname="com.ems.service.AuthServiceTest" time="0.098">
    <system-out><![CDATA[2026-05-29T13:31:28.459+02:00  INFO 33308 --- [           main] TEST                                     : &amp#27;[32m✔ PASS  &amp#27;[0m[AuthServiceTest] register: encodes password, sets locked=false, saves user with tehilawavumbuzi@gmail.com
]]></system-out>
  </testcase>
  <testcase name="verifyOTP_validCode_returnsTrue" classname="com.ems.service.AuthServiceTest" time="0.031">
    <system-out><![CDATA[2026-05-29T13:31:28.495+02:00  INFO 33308 --- [           main] TEST                                     : &amp#27;[32m✔ PASS  &amp#27;[0m[AuthServiceTest] verifyOTP: correct code → returns true, marks token used
]]></system-out>
  </testcase>
  <testcase name="authenticate_fiveFailures_locksAccount" classname="com.ems.service.AuthServiceTest" time="0.031">
    <system-out><![CDATA[2026-05-29T13:31:28.533+02:00  INFO 33308 --- [           main] TEST                                     : &amp#27;[32m✔ PASS  &amp#27;[0m[AuthServiceTest] authenticate: 5 failures → account locked
]]></system-out>
  </testcase>
  <testcase name="verifyOTP_expiredToken_returnsFalse" classname="com.ems.service.AuthServiceTest" time="0.028">
    <system-out><![CDATA[2026-05-29T13:31:28.566+02:00  INFO 33308 --- [           main] TEST                                     : &amp#27;[32m✔ PASS  &amp#27;[0m[AuthServiceTest] verifyOTP: expired token → returns false
]]></system-out>
  </testcase>
  <testcase name="generateAndSendOTP_savesTokenAndSendsEmail" classname="com.ems.service.AuthServiceTest" time="0.1">
    <system-out><![CDATA[2026-05-29T13:31:28.670+02:00  INFO 33308 --- [           main] TEST                                     : &amp#27;[32m✔ PASS  &amp#27;[0m[AuthServiceTest] generateAndSendOTP: saves token and sends email to tehilawavumbuzi@gmail.com
]]></system-out>
  </testcase>
  <testcase name="authenticate_lockedAccount_skipsPasswordCheck" classname="com.ems.service.AuthServiceTest" time="0.036">
    <system-out><![CDATA[2026-05-29T13:31:28.710+02:00  INFO 33308 --- [           main] TEST                                     : &amp#27;[32m✔ PASS  &amp#27;[0m[AuthServiceTest] authenticate: locked account → skips password check
]]></system-out>
  </testcase>
  <testcase name="authenticate_unknownEmail_returnsEmpty" classname="com.ems.service.AuthServiceTest" time="0.041">
    <system-out><![CDATA[2026-05-29T13:31:28.756+02:00  INFO 33308 --- [           main] TEST                                     : &amp#27;[32m✔ PASS  &amp#27;[0m[AuthServiceTest] authenticate: unknown email → returns empty
]]></system-out>
  </testcase>
  <testcase name="authenticate_validCredentials_returnsUser" classname="com.ems.service.AuthServiceTest" time="0.023">
    <system-out><![CDATA[2026-05-29T13:31:28.783+02:00  INFO 33308 --- [           main] TEST                                     : &amp#27;[32m✔ PASS  &amp#27;[0m[AuthServiceTest] authenticate: valid credentials → returns user
]]></system-out>
  </testcase>
  <testcase name="verifyOTP_maxAttempts_returnsFalse" classname="com.ems.service.AuthServiceTest" time="0.028">
    <system-out><![CDATA[2026-05-29T13:31:28.820+02:00  INFO 33308 --- [           main] TEST                                     : &amp#27;[32m✔ PASS  &amp#27;[0m[AuthServiceTest] verifyOTP: max attempts reached → returns false
]]></system-out>
  </testcase>
  <testcase name="authenticate_wrongPassword_incrementsAttempts" classname="com.ems.service.AuthServiceTest" time="0.024">
    <system-out><![CDATA[2026-05-29T13:31:28.846+02:00  INFO 33308 --- [           main] TEST                                     : &amp#27;[32m✔ PASS  &amp#27;[0m[AuthServiceTest] authenticate: wrong password → increments failed attempts
]]></system-out>
  </testcase>
  <testcase name="verifyOTP_noToken_returnsFalse" classname="com.ems.service.AuthServiceTest" time="0.024">
    <system-out><![CDATA[2026-05-29T13:31:28.876+02:00  INFO 33308 --- [           main] TEST                                     : &amp#27;[32m✔ PASS  &amp#27;[0m[AuthServiceTest] verifyOTP: no token found → returns false
]]></system-out>
  </testcase>
</testsuite>