<?xml version="1.0" encoding="UTF-8"?>
<testsuite xmlns:xsi="http://www.w3.org/2001/XMLSchema-instance" xsi:noNamespaceSchemaLocation="https://maven.apache.org/surefire/maven-surefire-plugin/xsd/surefire-test-report-3.0.xsd" version="3.0" name="com.ems.controller.LeaveControllerTest" time="2.765" tests="5" errors="0" skipped="0" failures="0">
  <properties>
[...]
</properties>
  <testcase name="updateLeaveStatus_approved_returns200" classname="com.ems.controller.LeaveControllerTest" time="0.172">
    <system-out><![CDATA[2026-05-29T13:31:23.640+02:00  INFO 33308 --- [           main] t.c.s.AnnotationConfigContextLoaderUtils : Could not detect default configuration classes for test class [com.ems.controller.LeaveControllerTest]: LeaveControllerTest does not declare any static, non-private, non-final, nested classes annotated with @Configuration.
2026-05-29T13:31:23.726+02:00  INFO 33308 --- [           main] .b.t.c.SpringBootTestContextBootstrapper : Found @SpringBootConfiguration com.ems.EmployeeManagementApplication for test class com.ems.controller.LeaveControllerTest

  .   ____          _            __ _ _
 /\\ / ___'_ __ _ _(_)_ __  __ _ \ \ \ \
( ( )\___ | '_ | '_| | '_ \/ _` | \ \ \ \
 \\/  ___)| |_)| | | | | || (_| |  ) ) ) )
  '  |____| .__|_| |_|_| |_\__, | / / / /
 =========|_|==============|___/=/_/_/_/
 :: Spring Boot ::                (v3.2.5)

2026-05-29T13:31:23.959+02:00  INFO 33308 --- [           main] com.ems.controller.LeaveControllerTest   : Starting LeaveControllerTest using Java 21.0.7 with PID 33308 (started by HP in C:\Users\HP\Downloads\Folders\Documents\CODES\Lectures\JAVA\Employee_management)
2026-05-29T13:31:23.960+02:00  INFO 33308 --- [           main] com.ems.controller.LeaveControllerTest   : No active profile set, falling back to 1 default profile: "default"
2026-05-29T13:31:25.677+02:00  INFO 33308 --- [           main] o.s.s.web.DefaultSecurityFilterChain     : Will secure any request with [org.springframework.security.web.session.DisableEncodeUrlFilter@3bac86a3, org.springframework.security.web.context.request.async.WebAsyncManagerIntegrationFilter@128ca7af, org.springframework.security.web.context.SecurityContextHolderFilter@42457891, org.springframework.security.web.header.HeaderWriterFilter@7e764e5c, org.springframework.web.filter.CorsFilter@3bf52f8f, org.springframework.security.web.csrf.CsrfFilter@68c47cf9, org.springframework.security.web.authentication.logout.LogoutFilter@183a84f4, org.springframework.security.web.authentication.UsernamePasswordAuthenticationFilter@1c512bb, org.springframework.security.web.authentication.ui.DefaultLoginPageGeneratingFilter@17a5ae7b, org.springframework.security.web.authentication.ui.DefaultLogoutPageGeneratingFilter@57d7c511, org.springframework.security.web.authentication.www.BasicAuthenticationFilter@4d142b53, org.springframework.security.web.savedrequest.RequestCacheAwareFilter@92de794, org.springframework.security.web.servletapi.SecurityContextHolderAwareRequestFilter@5bed0ff4, org.springframework.security.web.authentication.AnonymousAuthenticationFilter@811d8d6, org.springframework.security.web.access.ExceptionTranslationFilter@ecb8b3e, org.springframework.security.web.access.intercept.AuthorizationFilter@11771fd6]
2026-05-29T13:31:25.726+02:00  WARN 33308 --- [           main] .s.s.UserDetailsServiceAutoConfiguration : 

Using generated security password: 39f4754f-d042-4369-a2dc-e3ce8a1f0439

This generated password is for development use only. Your security configuration must be updated before running your application in production.

2026-05-29T13:31:25.751+02:00  INFO 33308 --- [           main] o.s.b.t.m.w.SpringBootMockServletContext : Initializing Spring TestDispatcherServlet ''
2026-05-29T13:31:25.753+02:00  INFO 33308 --- [           main] o.s.t.web.servlet.TestDispatcherServlet  : Initializing Servlet ''
2026-05-29T13:31:25.760+02:00  INFO 33308 --- [           main] o.s.t.web.servlet.TestDispatcherServlet  : Completed initialization in 6 ms
2026-05-29T13:31:25.796+02:00  INFO 33308 --- [           main] com.ems.controller.LeaveControllerTest   : Started LeaveControllerTest in 2.05 seconds (process running for 41.508)
2026-05-29T13:31:25.983+02:00  INFO 33308 --- [           main] TEST                                     : &amp#27;[32m✔ PASS  &amp#27;[0m[LeaveControllerTest] PUT /api/leaves/1/status?status=approved → 200 updated
]]></system-out>
  </testcase>
  <testcase name="requestLeave_returns200" classname="com.ems.controller.LeaveControllerTest" time="0.125">
    <system-out><![CDATA[2026-05-29T13:31:26.120+02:00  INFO 33308 --- [           main] TEST                                     : &amp#27;[32m✔ PASS  &amp#27;[0m[LeaveControllerTest] POST /api/leaves → 200 creates leave request for tehilawavumbuzi@gmail.com
]]></system-out>
  </testcase>
  <testcase name="getLeavesByEmployee_returns200" classname="com.ems.controller.LeaveControllerTest" time="0.054">
    <system-out><![CDATA[2026-05-29T13:31:26.193+02:00  INFO 33308 --- [           main] TEST                                     : &amp#27;[32m✔ PASS  &amp#27;[0m[LeaveControllerTest] GET /api/leaves/employee/5 → 200 with employee's requests
]]></system-out>
  </testcase>
  <testcase name="getAllLeaves_returns200" classname="com.ems.controller.LeaveControllerTest" time="0.108">
    <system-out><![CDATA[2026-05-29T13:31:26.341+02:00  INFO 33308 --- [           main] TEST                                     : &amp#27;[32m✔ PASS  &amp#27;[0m[LeaveControllerTest] GET /api/leaves → 200 with all leave requests
]]></system-out>
  </testcase>
  <testcase name="updateLeaveStatus_notFound_returns404" classname="com.ems.controller.LeaveControllerTest" time="0.026">
    <system-out><![CDATA[2026-05-29T13:31:26.386+02:00  INFO 33308 --- [           main] TEST                                     : &amp#27;[32m✔ PASS  &amp#27;[0m[LeaveControllerTest] PUT /api/leaves/99/status → 404 when leave not found
]]></system-out>
  </testcase>
</testsuite>